<?xml version="1.0" encoding="UTF-8"?>
<testng-results ignored="0" total="2" passed="2" failed="0" skipped="0">
  <reporter-output>
  </reporter-output>
  <suite started-at="2026-02-07T15:33:37 IST" name="Suite" finished-at="2026-02-07T15:33:42 IST" duration-ms="5539">
    <groups>
    </groups>
    <test started-at="2026-02-07T15:33:37 IST" name="Test1" finished-at="2026-02-07T15:33:40 IST" duration-ms="3441">
      <class name="facebooklogin.Login">
        <test-method is-config="true" signature="p1()[pri:0, instance:facebooklogin.Login@dd05255]" started-at="2026-02-07T15:33:37 IST" name="p1" finished-at="2026-02-07T15:33:40 IST" duration-ms="3153" status="PASS">
          <reporter-output>
          </reporter-output>
        </test-method> <!-- p1 -->
        <test-method signature="run()[pri:0, instance:facebooklogin.Login@dd05255]" started-at="2026-02-07T15:33:40 IST" name="run" finished-at="2026-02-07T15:33:40 IST" duration-ms="237" status="PASS">
          <reporter-output>
          </reporter-output>
        </test-method> <!-- run -->
      </class> <!-- facebooklogin.Login -->
    </test> <!-- Test1 -->
    <test started-at="2026-02-07T15:33:40 IST" name="Test2" finished-at="2026-02-07T15:33:42 IST" duration-ms="2020">
      <class name="facebooklogin.Login">
        <test-method is-config="true" signature="p1()[pri:0, instance:facebooklogin.Login@65e98b1c]" started-at="2026-02-07T15:33:40 IST" name="p1" finished-at="2026-02-07T15:33:42 IST" duration-ms="1775" status="PASS">
          <reporter-output>
          </reporter-output>
        </test-method> <!-- p1 -->
        <test-method signature="run()[pri:0, instance:facebooklogin.Login@65e98b1c]" started-at="2026-02-07T15:33:42 IST" name="run" finished-at="2026-02-07T15:33:42 IST" duration-ms="240" status="PASS">
          <reporter-output>
          </reporter-output>
        </test-method> <!-- run -->
      </class> <!-- facebooklogin.Login -->
    </test> <!-- Test2 -->
  </suite> <!-- Suite -->
</testng-results>
